C:\USERS\QUAD\DOCUMENTS\VISUAL STUDIO 2010\PROJECTS\QUADCOPTER_FLIGHT_SOFTWARE\DEBUG\QUADCOPTER_FLIGHT_SOFTWARE.EXE
C:\USERS\QUAD\DOCUMENTS\VISUAL STUDIO 2010\PROJECTS\QUADCOPTER_FLIGHT_SOFTWARE\DEBUG\QUADCOPTER_FLIGHT_SOFTWARE.ILK
C:\USERS\QUAD\DOCUMENTS\VISUAL STUDIO 2010\PROJECTS\QUADCOPTER_FLIGHT_SOFTWARE\DEBUG\QUADCOPTER_FLIGHT_SOFTWARE.PDB
C:\Users\Quad\documents\visual studio 2010\Projects\quadcopter_flight_software\quadcopter_flight_software\Debug\cl.command.1.tlog
C:\Users\Quad\documents\visual studio 2010\Projects\quadcopter_flight_software\quadcopter_flight_software\Debug\CL.read.1.tlog
C:\Users\Quad\documents\visual studio 2010\Projects\quadcopter_flight_software\quadcopter_flight_software\Debug\CL.write.1.tlog
C:\USERS\QUAD\DOCUMENTS\VISUAL STUDIO 2010\PROJECTS\QUADCOPTER_FLIGHT_SOFTWARE\QUADCOPTER_FLIGHT_SOFTWARE\DEBUG\GYRO.OBJ
C:\Users\Quad\documents\visual studio 2010\Projects\quadcopter_flight_software\quadcopter_flight_software\Debug\link.command.1.tlog
C:\Users\Quad\documents\visual studio 2010\Projects\quadcopter_flight_software\quadcopter_flight_software\Debug\link.read.1.tlog
C:\Users\Quad\documents\visual studio 2010\Projects\quadcopter_flight_software\quadcopter_flight_software\Debug\link.write.1.tlog
C:\Users\Quad\documents\visual studio 2010\Projects\quadcopter_flight_software\quadcopter_flight_software\Debug\link-cvtres.read.1.tlog
C:\Users\Quad\documents\visual studio 2010\Projects\quadcopter_flight_software\quadcopter_flight_software\Debug\link-cvtres.write.1.tlog
C:\USERS\QUAD\DOCUMENTS\VISUAL STUDIO 2010\PROJECTS\QUADCOPTER_FLIGHT_SOFTWARE\QUADCOPTER_FLIGHT_SOFTWARE\DEBUG\LOGGER.OBJ
C:\USERS\QUAD\DOCUMENTS\VISUAL STUDIO 2010\PROJECTS\QUADCOPTER_FLIGHT_SOFTWARE\QUADCOPTER_FLIGHT_SOFTWARE\DEBUG\MAVLINK_UDP.OBJ
C:\USERS\QUAD\DOCUMENTS\VISUAL STUDIO 2010\PROJECTS\QUADCOPTER_FLIGHT_SOFTWARE\QUADCOPTER_FLIGHT_SOFTWARE\DEBUG\MOTORVECTORCTRL.OBJ
C:\Users\Quad\documents\visual studio 2010\Projects\quadcopter_flight_software\quadcopter_flight_software\Debug\mt.command.1.tlog
C:\Users\Quad\documents\visual studio 2010\Projects\quadcopter_flight_software\quadcopter_flight_software\Debug\mt.read.1.tlog
C:\Users\Quad\documents\visual studio 2010\Projects\quadcopter_flight_software\quadcopter_flight_software\Debug\mt.write.1.tlog
C:\USERS\QUAD\DOCUMENTS\VISUAL STUDIO 2010\PROJECTS\QUADCOPTER_FLIGHT_SOFTWARE\QUADCOPTER_FLIGHT_SOFTWARE\DEBUG\PIDCONTROL.OBJ
C:\USERS\QUAD\DOCUMENTS\VISUAL STUDIO 2010\PROJECTS\QUADCOPTER_FLIGHT_SOFTWARE\QUADCOPTER_FLIGHT_SOFTWARE\DEBUG\QUADCOPTER_FLIGHT_SOFTWARE.EXE.EMBED.MANIFEST
C:\USERS\QUAD\DOCUMENTS\VISUAL STUDIO 2010\PROJECTS\QUADCOPTER_FLIGHT_SOFTWARE\QUADCOPTER_FLIGHT_SOFTWARE\DEBUG\QUADCOPTER_FLIGHT_SOFTWARE.EXE.EMBED.MANIFEST.RES
C:\USERS\QUAD\DOCUMENTS\VISUAL STUDIO 2010\PROJECTS\QUADCOPTER_FLIGHT_SOFTWARE\QUADCOPTER_FLIGHT_SOFTWARE\DEBUG\QUADCOPTER_FLIGHT_SOFTWARE.EXE.INTERMEDIATE.MANIFEST
C:\USERS\QUAD\DOCUMENTS\VISUAL STUDIO 2010\PROJECTS\QUADCOPTER_FLIGHT_SOFTWARE\QUADCOPTER_FLIGHT_SOFTWARE\DEBUG\QUADCOPTER_FLIGHT_SOFTWARE.OBJ
C:\USERS\QUAD\DOCUMENTS\VISUAL STUDIO 2010\PROJECTS\QUADCOPTER_FLIGHT_SOFTWARE\QUADCOPTER_FLIGHT_SOFTWARE\DEBUG\QUADCOPTER_FLIGHT_SOFTWARE.PCH
C:\USERS\QUAD\DOCUMENTS\VISUAL STUDIO 2010\PROJECTS\QUADCOPTER_FLIGHT_SOFTWARE\QUADCOPTER_FLIGHT_SOFTWARE\DEBUG\QUADCOPTER_FLIGHT_SOFTWARE.RES
C:\Users\Quad\documents\visual studio 2010\Projects\quadcopter_flight_software\quadcopter_flight_software\Debug\quadcopter_flight_software_manifest.rc
C:\Users\Quad\documents\visual studio 2010\Projects\quadcopter_flight_software\quadcopter_flight_software\Debug\rc.command.1.tlog
C:\Users\Quad\documents\visual studio 2010\Projects\quadcopter_flight_software\quadcopter_flight_software\Debug\rc.read.1.tlog
C:\Users\Quad\documents\visual studio 2010\Projects\quadcopter_flight_software\quadcopter_flight_software\Debug\rc.write.1.tlog
C:\USERS\QUAD\DOCUMENTS\VISUAL STUDIO 2010\PROJECTS\QUADCOPTER_FLIGHT_SOFTWARE\QUADCOPTER_FLIGHT_SOFTWARE\DEBUG\STDAFX.OBJ
C:\Users\Quad\documents\visual studio 2010\Projects\quadcopter_flight_software\quadcopter_flight_software\Debug\vc100.idb
C:\USERS\QUAD\DOCUMENTS\VISUAL STUDIO 2010\PROJECTS\QUADCOPTER_FLIGHT_SOFTWARE\QUADCOPTER_FLIGHT_SOFTWARE\DEBUG\VC100.PDB
